[2024-08-06T07:17:29.840065+00:00] admin_statistics.INFO: Pimcore\Bundle\AdminBundle\Controller\Admin\LoginController::loginAction ["0","pimcore_admin_login",[],[]] []
[2024-08-06T07:17:30.694819+00:00] admin_statistics.INFO: Pimcore\Bundle\AdminBundle\Controller\Admin\SettingsController::displayCustomLogoAction ["0","pimcore_settings_display_custom_logo",[],{"white":"true"}] []
[2024-08-06T07:17:37.128552+00:00] admin_statistics.INFO: Pimcore\Bundle\AdminBundle\Controller\Admin\LoginController::loginAction ["0","pimcore_admin_login",[],[]] []
[2024-08-06T07:17:37.410450+00:00] admin_statistics.INFO: Pimcore\Bundle\AdminBundle\Controller\Admin\SettingsController::displayCustomLogoAction ["0","pimcore_settings_display_custom_logo",[],{"white":"true"}] []
[2024-08-06T07:17:44.547684+00:00] admin_statistics.INFO: Pimcore\Bundle\AdminBundle\Controller\Admin\IndexController::indexAction [2,"pimcore_admin_index",[],[]] []
[2024-08-06T07:17:46.311296+00:00] admin_statistics.INFO: Pimcore\Bundle\AdminBundle\Controller\Admin\UserController::getImageAction [2,"pimcore_admin_user_getimage",[],[]] []
[2024-08-06T07:17:46.367106+00:00] admin_statistics.INFO: Pimcore\Bundle\AdminBundle\Controller\Admin\MiscController::adminCssAction [2,"pimcore_admin_misc_admincss",[],[]] []
[2024-08-06T07:17:46.815309+00:00] admin_statistics.INFO: Pimcore\Bundle\AdminBundle\Controller\Admin\MiscController::jsonTranslationsSystemAction [2,"pimcore_admin_misc_jsontranslationssystem",[],{"language":"en"}] []
[2024-08-06T07:17:46.896787+00:00] admin_statistics.INFO: Pimcore\Bundle\AdminBundle\Controller\Admin\UserController::getCurrentUserAction [2,"pimcore_admin_user_getcurrentuser",[],[]] []
[2024-08-06T07:17:47.134455+00:00] admin_statistics.INFO: Pimcore\Bundle\AdminBundle\Controller\Admin\MiscController::availableLanguagesAction [2,"pimcore_admin_misc_availablelanguages",[],[]] []
[2024-08-06T07:17:48.392306+00:00] admin_statistics.INFO: Pimcore\Bundle\AdminBundle\Controller\Admin\MiscController::scriptProxyAction [2,"pimcore_admin_misc_scriptproxy",[],{"storageFile":"minified_javascript_core_17fe3614e67911c..."}] []
[2024-08-06T07:17:48.456925+00:00] admin_statistics.INFO: Pimcore\Bundle\AdminBundle\Controller\Admin\MiscController::scriptProxyAction [2,"pimcore_admin_misc_scriptproxy",[],{"storageFile":"minified_javascript_core_c1f46498a1ee065..."}] []
[2024-08-06T07:17:49.937233+00:00] admin_statistics.INFO: Pimcore\Bundle\AdminBundle\Controller\Admin\SettingsController::displayCustomLogoAction [2,"pimcore_settings_display_custom_logo",[],[]] []
[2024-08-06T07:17:49.962144+00:00] admin_statistics.INFO: Pimcore\Bundle\AdminBundle\Controller\Admin\Document\DocumentController::treeGetRootAction [2,"pimcore_admin_document_document_treegetroot",[],{"id":"1","view":"","elementType":"document"}] []
[2024-08-06T07:17:50.166748+00:00] admin_statistics.INFO: Pimcore\Bundle\AdminBundle\Controller\Admin\Asset\AssetController::treeGetRootAction [2,"pimcore_admin_asset_treegetroot",[],{"id":"1","view":"","elementType":"asset"}] []
[2024-08-06T07:17:50.500248+00:00] admin_statistics.INFO: Pimcore\Bundle\AdminBundle\Controller\Admin\DataObject\DataObjectController::treeGetRootAction [2,"pimcore_admin_dataobject_dataobject_treegetroot",[],{"id":"","view":"","elementType":"object"}] []
[2024-08-06T07:17:50.563685+00:00] admin_statistics.INFO: Pimcore\Bundle\AdminBundle\Controller\Admin\PortalController::dashboardListAction [2,"pimcore_admin_portal_dashboardlist",[],[]] []
[2024-08-06T07:17:50.627919+00:00] admin_statistics.INFO: Pimcore\Bundle\AdminBundle\Controller\Admin\Document\DocumentController::docTypesGetAction [2,"pimcore_admin_document_document_doctypesget",[],{"xaction":"read","page":"1","start":"0","limit":"25"}] []
[2024-08-06T07:17:50.638744+00:00] admin_statistics.INFO: Pimcore\Bundle\AdminBundle\Controller\Admin\NotificationController::findLastUnreadAction [2,"pimcore_admin_notification_findlastunread",[],{"lastUpdate":"1722928669"}] []
[2024-08-06T07:17:51.544607+00:00] admin_statistics.INFO: Pimcore\Bundle\AdminBundle\Controller\Admin\DataObject\ClassController::getTreeAction [2,"pimcore_admin_dataobject_class_gettree",[],{"page":"1","start":"0","limit":"25"}] []
[2024-08-06T07:17:51.790736+00:00] admin_statistics.INFO: Pimcore\Bundle\AdminBundle\Controller\Admin\DataObject\ClassController::getTreeAction [2,"pimcore_admin_dataobject_class_gettree",[],{"createAllowed":"true","page":"1","start":"0","limit":"25"}] []
[2024-08-06T07:17:51.800722+00:00] admin_statistics.INFO: Pimcore\Bundle\AdminBundle\Controller\Admin\SettingsController::getAvailableAdminLanguagesAction [2,"pimcore_admin_settings_getavailableadminlanguages",[],{"page":"1","start":"0","limit":"25"}] []
[2024-08-06T07:17:51.814198+00:00] admin_statistics.INFO: Pimcore\Bundle\AdminBundle\Controller\Admin\SettingsController::getAvailableSitesAction [2,"pimcore_admin_settings_getavailablesites",[],{"page":"1","start":"0","limit":"25"}] []
[2024-08-06T07:17:51.827944+00:00] admin_statistics.INFO: Pimcore\Bundle\AdminBundle\Controller\Admin\DataObject\DataObjectController::treeGetChildrenByIdAction [2,"pimcore_admin_dataobject_dataobject_treegetchildrenbyid",[],{"limit":"30","view":"","parentPath":"/","page":"1","start":"0","node":"1"}] []
[2024-08-06T07:17:55.324982+00:00] admin_statistics.INFO: Pimcore\Bundle\AdminBundle\Controller\Admin\IndexController::statisticsAction [2,"pimcore_admin_index_statistics",[],[]] []
[2024-08-06T07:19:16.141652+00:00] admin_statistics.INFO: Pimcore\Bundle\AdminBundle\Controller\Admin\Document\PageController::getDataByIdAction [2,"pimcore_admin_document_page_getdatabyid",[],{"id":"1"}] []
[2024-08-06T07:19:17.910596+00:00] admin_statistics.INFO: Pimcore\Bundle\AdminBundle\Controller\Admin\MiscController::scriptProxyAction [2,"pimcore_admin_misc_scriptproxy",[],{"storageFile":"minified_javascript_core_9e726cef7cffbce..."}] []
[2024-08-06T07:19:17.918542+00:00] admin_statistics.INFO: Pimcore\Bundle\AdminBundle\Controller\Admin\MiscController::jsonTranslationsSystemAction [2,"pimcore_admin_misc_jsontranslationssystem",[],{"language":"en"}] []
[2024-08-06T07:19:19.538723+00:00] admin_statistics.INFO: Pimcore\Bundle\AdminBundle\Controller\Admin\NotificationController::findLastUnreadAction [2,"pimcore_admin_notification_findlastunread",[],{"lastUpdate":"1722928669"}] []
[2024-08-06T07:19:19.548679+00:00] admin_statistics.INFO: Pimcore\Bundle\AdminBundle\Controller\Admin\TranslationController::addAdminTranslationKeysAction [2,"pimcore_admin_translation_addadmintranslationkeys",[],{"keys":"[\"SEO\"]"}] []
[2024-08-06T07:21:11.209158+00:00] admin_statistics.INFO: Pimcore\Bundle\AdminBundle\Controller\Admin\Document\PageController::saveToSessionAction [2,"pimcore_admin_document_page_savetosession",[],{"id":"1","data":"{}"}] []
[2024-08-06T07:21:17.854405+00:00] admin_statistics.INFO: Pimcore\Bundle\AdminBundle\Controller\Admin\Document\PageController::qrCodeAction [2,"pimcore_admin_document_page_qrcode",[],{"id":"1"}] []
[2024-08-06T07:21:19.529951+00:00] admin_statistics.INFO: Pimcore\Bundle\AdminBundle\Controller\Admin\NotificationController::findLastUnreadAction [2,"pimcore_admin_notification_findlastunread",[],{"lastUpdate":"1722928759"}] []
[2024-08-06T07:21:24.856438+00:00] admin_statistics.INFO: Pimcore\Bundle\AdminBundle\Controller\Admin\DataObject\DataObjectController::getFolderAction [2,"pimcore_admin_dataobject_dataobject_getfolder",[],{"id":"1"}] []
[2024-08-06T07:21:49.590223+00:00] admin_statistics.INFO: Pimcore\Bundle\AdminBundle\Controller\Admin\NotificationController::findLastUnreadAction [2,"pimcore_admin_notification_findlastunread",[],{"lastUpdate":"1722928879"}] []
[2024-08-06T07:22:19.582738+00:00] admin_statistics.INFO: Pimcore\Bundle\AdminBundle\Controller\Admin\NotificationController::findLastUnreadAction [2,"pimcore_admin_notification_findlastunread",[],{"lastUpdate":"1722928909"}] []
[2024-08-06T07:22:49.647831+00:00] admin_statistics.INFO: Pimcore\Bundle\AdminBundle\Controller\Admin\NotificationController::findLastUnreadAction [2,"pimcore_admin_notification_findlastunread",[],{"lastUpdate":"1722928939"}] []
[2024-08-06T07:23:19.613096+00:00] admin_statistics.INFO: Pimcore\Bundle\AdminBundle\Controller\Admin\NotificationController::findLastUnreadAction [2,"pimcore_admin_notification_findlastunread",[],{"lastUpdate":"1722928969"}] []
[2024-08-06T07:23:50.737868+00:00] admin_statistics.INFO: Pimcore\Bundle\AdminBundle\Controller\Admin\NotificationController::findLastUnreadAction [2,"pimcore_admin_notification_findlastunread",[],{"lastUpdate":"1722928999"}] []
[2024-08-06T07:23:52.200318+00:00] admin_statistics.INFO: Pimcore\Bundle\AdminBundle\Controller\Admin\ElementController::unlockElementsAction [2,"pimcore_admin_element_unlockelements",[],{"csrfToken":"4d2ce1fa6e915b9e96ee5b4427db686d97018486"}] []
[2024-08-06T07:23:52.549746+00:00] admin_statistics.INFO: Pimcore\Bundle\AdminBundle\Controller\Admin\IndexController::indexAction [2,"pimcore_admin_index",[],[]] []
[2024-08-06T07:23:52.833052+00:00] admin_statistics.INFO: Pimcore\Bundle\AdminBundle\Controller\Admin\MiscController::adminCssAction [2,"pimcore_admin_misc_admincss",[],[]] []
[2024-08-06T07:23:53.006699+00:00] admin_statistics.INFO: Pimcore\Bundle\AdminBundle\Controller\Admin\UserController::getImageAction [2,"pimcore_admin_user_getimage",[],[]] []
[2024-08-06T07:23:53.017083+00:00] admin_statistics.INFO: Pimcore\Bundle\AdminBundle\Controller\Admin\MiscController::jsonTranslationsSystemAction [2,"pimcore_admin_misc_jsontranslationssystem",[],{"language":"en"}] []
[2024-08-06T07:23:53.149166+00:00] admin_statistics.INFO: Pimcore\Bundle\AdminBundle\Controller\Admin\UserController::getCurrentUserAction [2,"pimcore_admin_user_getcurrentuser",[],[]] []
[2024-08-06T07:23:53.158061+00:00] admin_statistics.INFO: Pimcore\Bundle\AdminBundle\Controller\Admin\MiscController::availableLanguagesAction [2,"pimcore_admin_misc_availablelanguages",[],[]] []
[2024-08-06T07:23:54.932350+00:00] admin_statistics.INFO: Pimcore\Bundle\AdminBundle\Controller\Admin\Document\DocumentController::treeGetRootAction [2,"pimcore_admin_document_document_treegetroot",[],{"id":"1","view":"","elementType":"document"}] []
[2024-08-06T07:23:54.983377+00:00] admin_statistics.INFO: Pimcore\Bundle\AdminBundle\Controller\Admin\SettingsController::displayCustomLogoAction [2,"pimcore_settings_display_custom_logo",[],[]] []
[2024-08-06T07:23:54.994151+00:00] admin_statistics.INFO: Pimcore\Bundle\AdminBundle\Controller\Admin\DataObject\DataObjectController::treeGetRootAction [2,"pimcore_admin_dataobject_dataobject_treegetroot",[],{"id":"","view":"","elementType":"object"}] []
[2024-08-06T07:23:55.008753+00:00] admin_statistics.INFO: Pimcore\Bundle\AdminBundle\Controller\Admin\PortalController::dashboardListAction [2,"pimcore_admin_portal_dashboardlist",[],[]] []
[2024-08-06T07:23:55.028028+00:00] admin_statistics.INFO: Pimcore\Bundle\AdminBundle\Controller\Admin\Asset\AssetController::treeGetRootAction [2,"pimcore_admin_asset_treegetroot",[],{"id":"1","view":"","elementType":"asset"}] []
[2024-08-06T07:23:55.053960+00:00] admin_statistics.INFO: Pimcore\Bundle\AdminBundle\Controller\Admin\NotificationController::findLastUnreadAction [2,"pimcore_admin_notification_findlastunread",[],{"lastUpdate":"1722929034"}] []
[2024-08-06T07:23:55.073394+00:00] admin_statistics.INFO: Pimcore\Bundle\AdminBundle\Controller\Admin\DataObject\ClassController::getTreeAction [2,"pimcore_admin_dataobject_class_gettree",[],{"page":"1","start":"0","limit":"25"}] []
[2024-08-06T07:23:55.143917+00:00] admin_statistics.INFO: Pimcore\Bundle\AdminBundle\Controller\Admin\SettingsController::getAvailableAdminLanguagesAction [2,"pimcore_admin_settings_getavailableadminlanguages",[],{"page":"1","start":"0","limit":"25"}] []
[2024-08-06T07:23:55.158888+00:00] admin_statistics.INFO: Pimcore\Bundle\AdminBundle\Controller\Admin\Document\DocumentController::docTypesGetAction [2,"pimcore_admin_document_document_doctypesget",[],{"xaction":"read","page":"1","start":"0","limit":"25"}] []
[2024-08-06T07:23:55.169124+00:00] admin_statistics.INFO: Pimcore\Bundle\AdminBundle\Controller\Admin\DataObject\ClassController::getTreeAction [2,"pimcore_admin_dataobject_class_gettree",[],{"createAllowed":"true","page":"1","start":"0","limit":"25"}] []
[2024-08-06T07:23:55.186239+00:00] admin_statistics.INFO: Pimcore\Bundle\AdminBundle\Controller\Admin\SettingsController::getAvailableSitesAction [2,"pimcore_admin_settings_getavailablesites",[],{"page":"1","start":"0","limit":"25"}] []
[2024-08-06T07:23:55.312384+00:00] admin_statistics.INFO: Pimcore\Bundle\AdminBundle\Controller\Admin\DataObject\DataObjectController::treeGetChildrenByIdAction [2,"pimcore_admin_dataobject_dataobject_treegetchildrenbyid",[],{"limit":"30","view":"","parentPath":"/","page":"1","start":"0","node":"1"}] []
[2024-08-06T07:24:00.410458+00:00] admin_statistics.INFO: Pimcore\Bundle\AdminBundle\Controller\Admin\IndexController::statisticsAction [2,"pimcore_admin_index_statistics",[],[]] []
[2024-08-06T07:24:13.427465+00:00] admin_statistics.INFO: Pimcore\Bundle\AdminBundle\Controller\Admin\ElementController::unlockElementsAction [2,"pimcore_admin_element_unlockelements",[],{"csrfToken":"4d2ce1fa6e915b9e96ee5b4427db686d97018486"}] []
[2024-08-06T07:24:13.576714+00:00] admin_statistics.INFO: Pimcore\Bundle\AdminBundle\Controller\Admin\LoginController::loginAction ["0","pimcore_admin_login",[],[]] []
[2024-08-06T07:24:13.714547+00:00] admin_statistics.INFO: Pimcore\Bundle\AdminBundle\Controller\Admin\SettingsController::displayCustomLogoAction ["0","pimcore_settings_display_custom_logo",[],{"white":"true"}] []
[2024-08-06T07:24:20.003919+00:00] admin_statistics.INFO: Pimcore\Bundle\AdminBundle\Controller\Admin\IndexController::indexAction [2,"pimcore_admin_index",[],[]] []
[2024-08-06T07:24:20.494162+00:00] admin_statistics.INFO: Pimcore\Bundle\AdminBundle\Controller\Admin\UserController::getImageAction [2,"pimcore_admin_user_getimage",[],[]] []
[2024-08-06T07:24:20.501388+00:00] admin_statistics.INFO: Pimcore\Bundle\AdminBundle\Controller\Admin\MiscController::adminCssAction [2,"pimcore_admin_misc_admincss",[],[]] []
[2024-08-06T07:24:20.774096+00:00] admin_statistics.INFO: Pimcore\Bundle\AdminBundle\Controller\Admin\MiscController::jsonTranslationsSystemAction [2,"pimcore_admin_misc_jsontranslationssystem",[],{"language":"en"}] []
[2024-08-06T07:24:20.821189+00:00] admin_statistics.INFO: Pimcore\Bundle\AdminBundle\Controller\Admin\UserController::getCurrentUserAction [2,"pimcore_admin_user_getcurrentuser",[],[]] []
[2024-08-06T07:24:20.907634+00:00] admin_statistics.INFO: Pimcore\Bundle\AdminBundle\Controller\Admin\MiscController::availableLanguagesAction [2,"pimcore_admin_misc_availablelanguages",[],[]] []
[2024-08-06T07:24:21.783407+00:00] admin_statistics.INFO: Pimcore\Bundle\AdminBundle\Controller\Admin\SettingsController::displayCustomLogoAction [2,"pimcore_settings_display_custom_logo",[],[]] []
[2024-08-06T07:24:21.806169+00:00] admin_statistics.INFO: Pimcore\Bundle\AdminBundle\Controller\Admin\Document\DocumentController::treeGetRootAction [2,"pimcore_admin_document_document_treegetroot",[],{"id":"1","view":"","elementType":"document"}] []
[2024-08-06T07:24:21.827665+00:00] admin_statistics.INFO: Pimcore\Bundle\AdminBundle\Controller\Admin\Asset\AssetController::treeGetRootAction [2,"pimcore_admin_asset_treegetroot",[],{"id":"1","view":"","elementType":"asset"}] []
[2024-08-06T07:24:21.842347+00:00] admin_statistics.INFO: Pimcore\Bundle\AdminBundle\Controller\Admin\DataObject\DataObjectController::treeGetRootAction [2,"pimcore_admin_dataobject_dataobject_treegetroot",[],{"id":"","view":"","elementType":"object"}] []
[2024-08-06T07:24:21.862680+00:00] admin_statistics.INFO: Pimcore\Bundle\AdminBundle\Controller\Admin\PortalController::dashboardListAction [2,"pimcore_admin_portal_dashboardlist",[],[]] []
[2024-08-06T07:24:21.884134+00:00] admin_statistics.INFO: Pimcore\Bundle\AdminBundle\Controller\Admin\NotificationController::findLastUnreadAction [2,"pimcore_admin_notification_findlastunread",[],{"lastUpdate":"1722929061"}] []
[2024-08-06T07:24:21.900393+00:00] admin_statistics.INFO: Pimcore\Bundle\AdminBundle\Controller\Admin\Document\DocumentController::docTypesGetAction [2,"pimcore_admin_document_document_doctypesget",[],{"xaction":"read","page":"1","start":"0","limit":"25"}] []
[2024-08-06T07:24:21.914797+00:00] admin_statistics.INFO: Pimcore\Bundle\AdminBundle\Controller\Admin\DataObject\ClassController::getTreeAction [2,"pimcore_admin_dataobject_class_gettree",[],{"page":"1","start":"0","limit":"25"}] []
[2024-08-06T07:24:21.933541+00:00] admin_statistics.INFO: Pimcore\Bundle\AdminBundle\Controller\Admin\DataObject\ClassController::getTreeAction [2,"pimcore_admin_dataobject_class_gettree",[],{"createAllowed":"true","page":"1","start":"0","limit":"25"}] []
[2024-08-06T07:24:21.968744+00:00] admin_statistics.INFO: Pimcore\Bundle\AdminBundle\Controller\Admin\SettingsController::getAvailableAdminLanguagesAction [2,"pimcore_admin_settings_getavailableadminlanguages",[],{"page":"1","start":"0","limit":"25"}] []
[2024-08-06T07:24:21.986614+00:00] admin_statistics.INFO: Pimcore\Bundle\AdminBundle\Controller\Admin\SettingsController::getAvailableSitesAction [2,"pimcore_admin_settings_getavailablesites",[],{"page":"1","start":"0","limit":"25"}] []
[2024-08-06T07:24:22.144595+00:00] admin_statistics.INFO: Pimcore\Bundle\AdminBundle\Controller\Admin\DataObject\DataObjectController::treeGetChildrenByIdAction [2,"pimcore_admin_dataobject_dataobject_treegetchildrenbyid",[],{"limit":"30","view":"","parentPath":"/","page":"1","start":"0","node":"1"}] []
[2024-08-06T07:24:27.347125+00:00] admin_statistics.INFO: Pimcore\Bundle\AdminBundle\Controller\Admin\IndexController::statisticsAction [2,"pimcore_admin_index_statistics",[],[]] []
[2024-08-06T07:47:22.840103+00:00] admin_statistics.INFO: Pimcore\Bundle\AdminBundle\Controller\Admin\MiscController::pingAction [2,"pimcore_admin_misc_ping",[],[]] []
[2024-08-06T08:10:22.848661+00:00] admin_statistics.INFO: Pimcore\Bundle\AdminBundle\Controller\Admin\MiscController::pingAction [2,"pimcore_admin_misc_ping",[],[]] []
[2024-08-06T08:33:22.757653+00:00] admin_statistics.INFO: Pimcore\Bundle\AdminBundle\Controller\Admin\MiscController::pingAction [2,"pimcore_admin_misc_ping",[],[]] []
